{"numTotalTestSuites":2,"numPassedTestSuites":2,"numFailedTestSuites":0,"numPendingTestSuites":0,"numTotalTests":1,"numPassedTests":0,"numFailedTests":1,"numPendingTests":0,"numTodoTests":0,"snapshot":{"added":0,"failure":false,"filesAdded":0,"filesRemoved":0,"filesRemovedList":[],"filesUnmatched":0,"filesUpdated":0,"matched":0,"total":0,"unchecked":0,"uncheckedKeysByFile":[],"unmatched":0,"updated":0,"didUpdate":false},"startTime":1723045374313,"success":false,"testResults":[{"assertionResults":[{"ancestorTitles":["Truck schema"],"fullName":"Truck schema should validate a valid truck","status":"failed","title":"should validate a valid truck","duration":16,"failureMessages":["Error: schema is invalid: data/properties/type must be object,boolean, data/properties/properties must be object,boolean\n    at _ObjectSchemaBuilder._safeParseRaw (file:///Users/thomas.roche/Projects/github/thoroc/zod-is-dead/node_modules/.pnpm/ajv-ts@0.7.0_typescript@5.5.4/node_modules/ajv-ts/dist/index.mjs:438:16)\n    at _ObjectSchemaBuilder.safeParse (file:///Users/thomas.roche/Projects/github/thoroc/zod-is-dead/node_modules/.pnpm/ajv-ts@0.7.0_typescript@5.5.4/node_modules/ajv-ts/dist/index.mjs:460:30)\n    at _ObjectSchemaBuilder.parse (file:///Users/thomas.roche/Projects/github/thoroc/zod-is-dead/node_modules/.pnpm/ajv-ts@0.7.0_typescript@5.5.4/node_modules/ajv-ts/dist/index.mjs:521:25)\n    at /Users/thomas.roche/Projects/github/thoroc/zod-is-dead/src/schemas/ajv/truck.spec.ts:19:27\n    at file:///Users/thomas.roche/Projects/github/thoroc/zod-is-dead/node_modules/.pnpm/@vitest+runner@2.0.5/node_modules/@vitest/runner/dist/index.js:146:14\n    at file:///Users/thomas.roche/Projects/github/thoroc/zod-is-dead/node_modules/.pnpm/@vitest+runner@2.0.5/node_modules/@vitest/runner/dist/index.js:61:7\n    at runTest (file:///Users/thomas.roche/Projects/github/thoroc/zod-is-dead/node_modules/.pnpm/@vitest+runner@2.0.5/node_modules/@vitest/runner/dist/index.js:960:17)\n    at processTicksAndRejections (node:internal/process/task_queues:95:5)\n    at runSuite (file:///Users/thomas.roche/Projects/github/thoroc/zod-is-dead/node_modules/.pnpm/@vitest+runner@2.0.5/node_modules/@vitest/runner/dist/index.js:1116:15)\n    at runSuite (file:///Users/thomas.roche/Projects/github/thoroc/zod-is-dead/node_modules/.pnpm/@vitest+runner@2.0.5/node_modules/@vitest/runner/dist/index.js:1116:15)"],"meta":{}}],"startTime":1723045433512,"endTime":1723045433528,"status":"failed","message":"","name":"/Users/thomas.roche/Projects/github/thoroc/zod-is-dead/src/schemas/ajv/truck.spec.ts"}]}